[15:20:03.759] Global cache location '/home/tony/.cache/typescript/4.6', safe file path '/home/tony/Documents/nextjs/client/node_modules/typescript/lib/typingSafeList.json', types map path /home/tony/Documents/nextjs/client/node_modules/typescript/lib/typesMap.json
[15:20:03.760] Processing cache location '/home/tony/.cache/typescript/4.6'
[15:20:03.760] Trying to find '/home/tony/.cache/typescript/4.6/package.json'...
[15:20:03.767] Loaded content of '/home/tony/.cache/typescript/4.6/package.json': {"private":true,"dependencies":{"types-registry":"^0.1.584"}}
[15:20:03.767] Loaded content of '/home/tony/.cache/typescript/4.6/package-lock.json'
[15:20:03.767] Finished processing cache location '/home/tony/.cache/typescript/4.6'
[15:20:03.770] Process id: 11692
[15:20:03.772] NPM location: /usr/bin/npm (explicit '--npmLocation' not  provided)
[15:20:03.773] validateDefaultNpmLocation: false
[15:20:03.776] Npm config file: /home/tony/.cache/typescript/4.6/package.json
[15:20:03.779] Updating types-registry npm package...
[15:20:03.780] Exec: /usr/bin/npm install --ignore-scripts types-registry@latest
[15:20:06.804]     Succeeded. stdout:
    
    up to date, audited 2 packages in 3s

found 0 vulnerabilities

[15:20:06.805] Updated types-registry npm package
[15:20:07.782] Got install request {"projectName":"/dev/null/inferredProject1*","fileNames":["/home/tony/Documents/nextjs/client/node_modules/typescript/lib/lib.es5.d.ts","/home/tony/Documents/nextjs/client/node_modules/typescript/lib/lib.es2015.d.ts","/home/tony/Documents/nextjs/client/node_modules/typescript/lib/lib.es2016.d.ts","/home/tony/Documents/nextjs/client/node_modules/typescript/lib/lib.dom.d.ts","/home/tony/Documents/nextjs/client/node_modules/typescript/lib/lib.dom.iterable.d.ts","/home/tony/Documents/nextjs/client/node_modules/typescript/lib/lib.webworker.importscripts.d.ts","/home/tony/Documents/nextjs/client/node_modules/typescript/lib/lib.scripthost.d.ts","/home/tony/Documents/nextjs/client/node_modules/typescript/lib/lib.es2015.core.d.ts","/home/tony/Documents/nextjs/client/node_modules/typescript/lib/lib.es2015.collection.d.ts","/home/tony/Documents/nextjs/client/node_modules/typescript/lib/lib.es2015.generator.d.ts","/home/tony/Documents/nextjs/client/node_modules/typescript/lib/lib.es2015.iterable.d.ts","/home/tony/Documents/nextjs/client/node_modules/typescript/lib/lib.es2015.promise.d.ts","/home/tony/Documents/nextjs/client/node_modules/typescript/lib/lib.es2015.proxy.d.ts","/home/tony/Documents/nextjs/client/node_modules/typescript/lib/lib.es2015.reflect.d.ts","/home/tony/Documents/nextjs/client/node_modules/typescript/lib/lib.es2015.symbol.d.ts","/home/tony/Documents/nextjs/client/node_modules/typescript/lib/lib.es2015.symbol.wellknown.d.ts","/home/tony/Documents/nextjs/client/node_modules/typescript/lib/lib.es2016.array.include.d.ts","/home/tony/Documents/nextjs/client/node_modules/typescript/lib/lib.es2016.full.d.ts","/home/tony/Documents/nextjs/client/src/pages/index.js"],"compilerOptions":{"module":1,"target":3,"jsx":1,"allowJs":true,"allowSyntheticDefaultImports":true,"allowNonTsExtensions":true,"noEmitForJsFiles":true,"maxNodeModuleJsDepth":2},"typeAcquisition":{"enable":true,"include":[],"exclude":[]},"unresolvedImports":[],"projectRootPath":"/home/tony/Documents/nextjs/client/src/pages","kind":"discover"}
[15:20:07.831] Loaded safelist from types map file '/home/tony/Documents/nextjs/client/node_modules/typescript/lib/typesMap.json'
[15:20:07.832] Explicitly included types: []
[15:20:07.833] Inferred typings from unresolved imports: []
[15:20:07.833] Result: {"cachedTypingPaths":[],"newTypingNames":[],"filesToWatch":["/home/tony/Documents/nextjs/client/src/pages/bower_components","/home/tony/Documents/nextjs/client/src/pages/node_modules"]}
[15:20:07.833] Finished typings discovery: {"cachedTypingPaths":[],"newTypingNames":[],"filesToWatch":["/home/tony/Documents/nextjs/client/src/pages/bower_components","/home/tony/Documents/nextjs/client/src/pages/node_modules"]}
[15:20:07.834] DirectoryWatcher:: Added:: WatchInfo: /home/tony/Documents/nextjs/client/src/pages/bower_components
[15:20:07.834] DirectoryWatcher:: Added:: WatchInfo: /home/tony/Documents/nextjs/client/src/pages/bower_components 1 undefined Project: /dev/null/inferredProject1* watcher already invoked: false
[15:20:07.837] Elapsed:: 2.624924000352621ms DirectoryWatcher:: Added:: WatchInfo: /home/tony/Documents/nextjs/client/src/pages/bower_components 1 undefined Project: /dev/null/inferredProject1* watcher already invoked: false
[15:20:07.837] DirectoryWatcher:: Added:: WatchInfo: /home/tony/Documents/nextjs/client/src/pages/node_modules
[15:20:07.837] DirectoryWatcher:: Added:: WatchInfo: /home/tony/Documents/nextjs/client/src/pages/node_modules 1 undefined Project: /dev/null/inferredProject1* watcher already invoked: false
[15:20:07.838] Elapsed:: 0.18776199966669083ms DirectoryWatcher:: Added:: WatchInfo: /home/tony/Documents/nextjs/client/src/pages/node_modules 1 undefined Project: /dev/null/inferredProject1* watcher already invoked: false
[15:20:07.838] Sending response:
    {"projectName":"/dev/null/inferredProject1*","typeAcquisition":{"enable":true,"include":[],"exclude":[]},"compilerOptions":{"module":1,"target":3,"jsx":1,"allowJs":true,"allowSyntheticDefaultImports":true,"allowNonTsExtensions":true,"noEmitForJsFiles":true,"maxNodeModuleJsDepth":2},"typings":[],"unresolvedImports":[],"kind":"action::set"}
[15:20:07.838] Response has been sent.
[15:20:07.838] No new typings were requested as a result of typings discovery
[15:20:11.335] Got install request {"projectName":"/dev/null/inferredProject1*","fileNames":["/home/tony/Documents/nextjs/client/node_modules/typescript/lib/lib.es5.d.ts","/home/tony/Documents/nextjs/client/node_modules/typescript/lib/lib.es2015.d.ts","/home/tony/Documents/nextjs/client/node_modules/typescript/lib/lib.es2016.d.ts","/home/tony/Documents/nextjs/client/node_modules/typescript/lib/lib.dom.d.ts","/home/tony/Documents/nextjs/client/node_modules/typescript/lib/lib.dom.iterable.d.ts","/home/tony/Documents/nextjs/client/node_modules/typescript/lib/lib.webworker.importscripts.d.ts","/home/tony/Documents/nextjs/client/node_modules/typescript/lib/lib.scripthost.d.ts","/home/tony/Documents/nextjs/client/node_modules/typescript/lib/lib.es2015.core.d.ts","/home/tony/Documents/nextjs/client/node_modules/typescript/lib/lib.es2015.collection.d.ts","/home/tony/Documents/nextjs/client/node_modules/typescript/lib/lib.es2015.generator.d.ts","/home/tony/Documents/nextjs/client/node_modules/typescript/lib/lib.es2015.iterable.d.ts","/home/tony/Documents/nextjs/client/node_modules/typescript/lib/lib.es2015.promise.d.ts","/home/tony/Documents/nextjs/client/node_modules/typescript/lib/lib.es2015.proxy.d.ts","/home/tony/Documents/nextjs/client/node_modules/typescript/lib/lib.es2015.reflect.d.ts","/home/tony/Documents/nextjs/client/node_modules/typescript/lib/lib.es2015.symbol.d.ts","/home/tony/Documents/nextjs/client/node_modules/typescript/lib/lib.es2015.symbol.wellknown.d.ts","/home/tony/Documents/nextjs/client/node_modules/typescript/lib/lib.es2016.array.include.d.ts","/home/tony/Documents/nextjs/client/node_modules/typescript/lib/lib.es2016.full.d.ts","/home/tony/Documents/nextjs/client/src/pages/index.js"],"compilerOptions":{"module":1,"target":3,"jsx":1,"allowJs":true,"allowSyntheticDefaultImports":true,"allowNonTsExtensions":true,"noEmitForJsFiles":true,"maxNodeModuleJsDepth":2},"typeAcquisition":{"enable":true,"include":[],"exclude":[]},"unresolvedImports":[],"projectRootPath":"/home/tony/Documents/nextjs/client/src/pages","kind":"discover"}
[15:20:11.336] Explicitly included types: []
[15:20:11.338] Inferred typings from unresolved imports: []
[15:20:11.339] Result: {"cachedTypingPaths":[],"newTypingNames":[],"filesToWatch":["/home/tony/Documents/nextjs/client/src/pages/bower_components","/home/tony/Documents/nextjs/client/src/pages/node_modules"]}
[15:20:11.340] Finished typings discovery: {"cachedTypingPaths":[],"newTypingNames":[],"filesToWatch":["/home/tony/Documents/nextjs/client/src/pages/bower_components","/home/tony/Documents/nextjs/client/src/pages/node_modules"]}
[15:20:11.341] Sending response:
    {"projectName":"/dev/null/inferredProject1*","typeAcquisition":{"enable":true,"include":[],"exclude":[]},"compilerOptions":{"module":1,"target":3,"jsx":1,"allowJs":true,"allowSyntheticDefaultImports":true,"allowNonTsExtensions":true,"noEmitForJsFiles":true,"maxNodeModuleJsDepth":2},"typings":[],"unresolvedImports":[],"kind":"action::set"}
[15:20:11.342] Response has been sent.
[15:20:11.342] No new typings were requested as a result of typings discovery
[15:20:51.802] Got install request {"projectName":"/dev/null/inferredProject1*","fileNames":[],"compilerOptions":{"module":1,"target":3,"jsx":1,"allowJs":true,"allowSyntheticDefaultImports":true,"allowNonTsExtensions":true,"noEmitForJsFiles":true},"typeAcquisition":{"enable":true,"include":[],"exclude":[]},"unresolvedImports":[],"projectRootPath":"/home/tony/Documents/nextjs/client/src/pages","kind":"discover"}
[15:20:51.803] Explicitly included types: []
[15:20:51.804] Inferred typings from unresolved imports: []
[15:20:51.804] Result: {"cachedTypingPaths":[],"newTypingNames":[],"filesToWatch":["/home/tony/Documents/nextjs/client/src/pages/bower_components","/home/tony/Documents/nextjs/client/src/pages/node_modules"]}
[15:20:51.804] Finished typings discovery: {"cachedTypingPaths":[],"newTypingNames":[],"filesToWatch":["/home/tony/Documents/nextjs/client/src/pages/bower_components","/home/tony/Documents/nextjs/client/src/pages/node_modules"]}
[15:20:51.805] Sending response:
    {"projectName":"/dev/null/inferredProject1*","typeAcquisition":{"enable":true,"include":[],"exclude":[]},"compilerOptions":{"module":1,"target":3,"jsx":1,"allowJs":true,"allowSyntheticDefaultImports":true,"allowNonTsExtensions":true,"noEmitForJsFiles":true},"typings":[],"unresolvedImports":[],"kind":"action::set"}
[15:20:51.805] Response has been sent.
[15:20:51.805] No new typings were requested as a result of typings discovery
[15:21:04.535] Got install request {"projectName":"/dev/null/inferredProject1*","fileNames":["/home/tony/Documents/nextjs/client/node_modules/typescript/lib/lib.es5.d.ts","/home/tony/Documents/nextjs/client/node_modules/typescript/lib/lib.es2015.d.ts","/home/tony/Documents/nextjs/client/node_modules/typescript/lib/lib.es2016.d.ts","/home/tony/Documents/nextjs/client/node_modules/typescript/lib/lib.dom.d.ts","/home/tony/Documents/nextjs/client/node_modules/typescript/lib/lib.dom.iterable.d.ts","/home/tony/Documents/nextjs/client/node_modules/typescript/lib/lib.webworker.importscripts.d.ts","/home/tony/Documents/nextjs/client/node_modules/typescript/lib/lib.scripthost.d.ts","/home/tony/Documents/nextjs/client/node_modules/typescript/lib/lib.es2015.core.d.ts","/home/tony/Documents/nextjs/client/node_modules/typescript/lib/lib.es2015.collection.d.ts","/home/tony/Documents/nextjs/client/node_modules/typescript/lib/lib.es2015.generator.d.ts","/home/tony/Documents/nextjs/client/node_modules/typescript/lib/lib.es2015.iterable.d.ts","/home/tony/Documents/nextjs/client/node_modules/typescript/lib/lib.es2015.promise.d.ts","/home/tony/Documents/nextjs/client/node_modules/typescript/lib/lib.es2015.proxy.d.ts","/home/tony/Documents/nextjs/client/node_modules/typescript/lib/lib.es2015.reflect.d.ts","/home/tony/Documents/nextjs/client/node_modules/typescript/lib/lib.es2015.symbol.d.ts","/home/tony/Documents/nextjs/client/node_modules/typescript/lib/lib.es2015.symbol.wellknown.d.ts","/home/tony/Documents/nextjs/client/node_modules/typescript/lib/lib.es2016.array.include.d.ts","/home/tony/Documents/nextjs/client/node_modules/typescript/lib/lib.es2016.full.d.ts","/home/tony/Documents/nextjs/client/src/pages/index.js"],"compilerOptions":{"module":1,"target":3,"jsx":1,"allowJs":true,"allowSyntheticDefaultImports":true,"allowNonTsExtensions":true,"noEmitForJsFiles":true,"maxNodeModuleJsDepth":2},"typeAcquisition":{"enable":true,"include":[],"exclude":[]},"unresolvedImports":[],"projectRootPath":"/home/tony/Documents/nextjs/client/src/pages","kind":"discover"}
[15:21:04.535] Explicitly included types: []
[15:21:04.536] Inferred typings from unresolved imports: []
[15:21:04.536] Result: {"cachedTypingPaths":[],"newTypingNames":[],"filesToWatch":["/home/tony/Documents/nextjs/client/src/pages/bower_components","/home/tony/Documents/nextjs/client/src/pages/node_modules"]}
[15:21:04.536] Finished typings discovery: {"cachedTypingPaths":[],"newTypingNames":[],"filesToWatch":["/home/tony/Documents/nextjs/client/src/pages/bower_components","/home/tony/Documents/nextjs/client/src/pages/node_modules"]}
[15:21:04.536] Sending response:
    {"projectName":"/dev/null/inferredProject1*","typeAcquisition":{"enable":true,"include":[],"exclude":[]},"compilerOptions":{"module":1,"target":3,"jsx":1,"allowJs":true,"allowSyntheticDefaultImports":true,"allowNonTsExtensions":true,"noEmitForJsFiles":true,"maxNodeModuleJsDepth":2},"typings":[],"unresolvedImports":[],"kind":"action::set"}
[15:21:04.536] Response has been sent.
[15:21:04.536] No new typings were requested as a result of typings discovery
[15:23:04.754] Got install request {"projectName":"/dev/null/inferredProject2*","fileNames":[],"compilerOptions":{"module":1,"target":3,"jsx":1,"allowJs":true,"allowSyntheticDefaultImports":true,"allowNonTsExtensions":true,"noEmitForJsFiles":true},"typeAcquisition":{"enable":true,"include":[],"exclude":[]},"unresolvedImports":[],"projectRootPath":"/home/tony/Documents/nextjs/client/src/components/Form","kind":"discover"}
[15:23:04.754] Explicitly included types: []
[15:23:04.754] Inferred typings from unresolved imports: []
[15:23:04.754] Result: {"cachedTypingPaths":[],"newTypingNames":[],"filesToWatch":["/home/tony/Documents/nextjs/client/src/components/Form/bower_components","/home/tony/Documents/nextjs/client/src/components/Form/node_modules"]}
[15:23:04.754] Finished typings discovery: {"cachedTypingPaths":[],"newTypingNames":[],"filesToWatch":["/home/tony/Documents/nextjs/client/src/components/Form/bower_components","/home/tony/Documents/nextjs/client/src/components/Form/node_modules"]}
[15:23:04.755] DirectoryWatcher:: Added:: WatchInfo: /home/tony/Documents/nextjs/client/src/components/Form/bower_components
[15:23:04.755] DirectoryWatcher:: Added:: WatchInfo: /home/tony/Documents/nextjs/client/src/components/Form/bower_components 1 undefined Project: /dev/null/inferredProject2* watcher already invoked: false
[15:23:04.755] Elapsed:: 0.4405959998257458ms DirectoryWatcher:: Added:: WatchInfo: /home/tony/Documents/nextjs/client/src/components/Form/bower_components 1 undefined Project: /dev/null/inferredProject2* watcher already invoked: false
[15:23:04.756] DirectoryWatcher:: Added:: WatchInfo: /home/tony/Documents/nextjs/client/src/components/Form/node_modules
[15:23:04.756] DirectoryWatcher:: Added:: WatchInfo: /home/tony/Documents/nextjs/client/src/components/Form/node_modules 1 undefined Project: /dev/null/inferredProject2* watcher already invoked: false
[15:23:04.756] Elapsed:: 0.3355899997986853ms DirectoryWatcher:: Added:: WatchInfo: /home/tony/Documents/nextjs/client/src/components/Form/node_modules 1 undefined Project: /dev/null/inferredProject2* watcher already invoked: false
[15:23:04.757] Sending response:
    {"projectName":"/dev/null/inferredProject2*","typeAcquisition":{"enable":true,"include":[],"exclude":[]},"compilerOptions":{"module":1,"target":3,"jsx":1,"allowJs":true,"allowSyntheticDefaultImports":true,"allowNonTsExtensions":true,"noEmitForJsFiles":true},"typings":[],"unresolvedImports":[],"kind":"action::set"}
[15:23:04.757] Response has been sent.
[15:23:04.757] No new typings were requested as a result of typings discovery
